[0.009s] Invoking command in '/home/robert/Workspaces/ROS/reflect_ws/src/rr_project/build/rr_project': CMAKE_PREFIX_PATH=${CMAKE_PREFIX_PATH}:/opt/ros/humble /usr/bin/cmake --build /home/robert/Workspaces/ROS/reflect_ws/src/rr_project/build/rr_project -- -j20 -l20
[0.032s] [35m[1mConsolidate compiler generated dependencies of target rr_project[0m
[0.041s] [ 50%] [32mBuilding CXX object CMakeFiles/rr_project.dir/src/rr_project.cpp.o[0m
[1.349s] [01m[K/home/robert/Workspaces/ROS/reflect_ws/src/rr_project/src/rr_project.cpp:[m[K In member function ‘[01m[Kvoid RRProject::spawn_timer_callback()[m[K’:
[1.349s] [01m[K/home/robert/Workspaces/ROS/reflect_ws/src/rr_project/src/rr_project.cpp:97:23:[m[K [01;35m[Kwarning: [m[Kunused variable ‘[01m[Kk_linear[m[K’ [[01;35m[K]8;;https://gcc.gnu.org/onlinedocs/gcc/Warning-Options.html#index-Wunused-variable-Wunused-variable]8;;[m[K]
[1.349s]    97 |                 float [01;35m[Kk_linear[m[K = 1.5;
[1.349s]       |                       [01;35m[K^~~~~~~~[m[K
[1.349s] [01m[K/home/robert/Workspaces/ROS/reflect_ws/src/rr_project/src/rr_project.cpp:93:19:[m[K [01;35m[Kwarning: [m[Kunused variable ‘[01m[Kdistance_tolerance[m[K’ [[01;35m[K]8;;https://gcc.gnu.org/onlinedocs/gcc/Warning-Options.html#index-Wunused-variable-Wunused-variable]8;;[m[K]
[1.349s]    93 |             float [01;35m[Kdistance_tolerance[m[K = 0.5;
[1.349s]       |                   [01;35m[K^~~~~~~~~~~~~~~~~~[m[K
[5.271s] [100%] [32m[1mLinking CXX executable rr_project[0m
[5.551s] [100%] Built target rr_project
[5.557s] Invoked command in '/home/robert/Workspaces/ROS/reflect_ws/src/rr_project/build/rr_project' returned '0': CMAKE_PREFIX_PATH=${CMAKE_PREFIX_PATH}:/opt/ros/humble /usr/bin/cmake --build /home/robert/Workspaces/ROS/reflect_ws/src/rr_project/build/rr_project -- -j20 -l20
[5.577s] Invoking command in '/home/robert/Workspaces/ROS/reflect_ws/src/rr_project/build/rr_project': CMAKE_PREFIX_PATH=${CMAKE_PREFIX_PATH}:/opt/ros/humble /usr/bin/cmake --install /home/robert/Workspaces/ROS/reflect_ws/src/rr_project/build/rr_project
[5.581s] -- Install configuration: ""
[5.582s] -- Installing: /home/robert/Workspaces/ROS/reflect_ws/src/rr_project/install/rr_project/lib/rr_project/rr_project
[5.585s] -- Set runtime path of "/home/robert/Workspaces/ROS/reflect_ws/src/rr_project/install/rr_project/lib/rr_project/rr_project" to ""
[5.585s] -- Up-to-date: /home/robert/Workspaces/ROS/reflect_ws/src/rr_project/install/rr_project/share/rr_project/launch
[5.586s] -- Up-to-date: /home/robert/Workspaces/ROS/reflect_ws/src/rr_project/install/rr_project/share/rr_project/launch/rr_project.launch.py
[5.586s] -- Up-to-date: /home/robert/Workspaces/ROS/reflect_ws/src/rr_project/install/rr_project/share/ament_index/resource_index/package_run_dependencies/rr_project
[5.586s] -- Up-to-date: /home/robert/Workspaces/ROS/reflect_ws/src/rr_project/install/rr_project/share/ament_index/resource_index/parent_prefix_path/rr_project
[5.586s] -- Up-to-date: /home/robert/Workspaces/ROS/reflect_ws/src/rr_project/install/rr_project/share/rr_project/environment/ament_prefix_path.sh
[5.586s] -- Up-to-date: /home/robert/Workspaces/ROS/reflect_ws/src/rr_project/install/rr_project/share/rr_project/environment/ament_prefix_path.dsv
[5.586s] -- Up-to-date: /home/robert/Workspaces/ROS/reflect_ws/src/rr_project/install/rr_project/share/rr_project/environment/path.sh
[5.586s] -- Up-to-date: /home/robert/Workspaces/ROS/reflect_ws/src/rr_project/install/rr_project/share/rr_project/environment/path.dsv
[5.586s] -- Up-to-date: /home/robert/Workspaces/ROS/reflect_ws/src/rr_project/install/rr_project/share/rr_project/local_setup.bash
[5.586s] -- Up-to-date: /home/robert/Workspaces/ROS/reflect_ws/src/rr_project/install/rr_project/share/rr_project/local_setup.sh
[5.586s] -- Up-to-date: /home/robert/Workspaces/ROS/reflect_ws/src/rr_project/install/rr_project/share/rr_project/local_setup.zsh
[5.586s] -- Up-to-date: /home/robert/Workspaces/ROS/reflect_ws/src/rr_project/install/rr_project/share/rr_project/local_setup.dsv
[5.586s] -- Installing: /home/robert/Workspaces/ROS/reflect_ws/src/rr_project/install/rr_project/share/rr_project/package.dsv
[5.586s] -- Up-to-date: /home/robert/Workspaces/ROS/reflect_ws/src/rr_project/install/rr_project/share/ament_index/resource_index/packages/rr_project
[5.586s] -- Up-to-date: /home/robert/Workspaces/ROS/reflect_ws/src/rr_project/install/rr_project/share/rr_project/cmake/rr_projectConfig.cmake
[5.586s] -- Up-to-date: /home/robert/Workspaces/ROS/reflect_ws/src/rr_project/install/rr_project/share/rr_project/cmake/rr_projectConfig-version.cmake
[5.586s] -- Up-to-date: /home/robert/Workspaces/ROS/reflect_ws/src/rr_project/install/rr_project/share/rr_project/package.xml
[5.588s] Invoked command in '/home/robert/Workspaces/ROS/reflect_ws/src/rr_project/build/rr_project' returned '0': CMAKE_PREFIX_PATH=${CMAKE_PREFIX_PATH}:/opt/ros/humble /usr/bin/cmake --install /home/robert/Workspaces/ROS/reflect_ws/src/rr_project/build/rr_project
