[0.212s] DEBUG:colcon:Command line arguments: ['/usr/bin/colcon', 'build', '--packages-select', 'rr_project']
[0.212s] DEBUG:colcon:Parsed command line arguments: Namespace(log_base=None, log_level=None, verb_name='build', build_base='build', install_base='install', merge_install=False, symlink_install=False, test_result_base=None, continue_on_error=False, executor='parallel', parallel_workers=20, event_handlers=None, ignore_user_meta=False, metas=['./colcon.meta'], base_paths=['.'], packages_ignore=None, packages_ignore_regex=None, paths=None, packages_up_to=None, packages_up_to_regex=None, packages_above=None, packages_above_and_dependencies=None, packages_above_depth=None, packages_select_by_dep=None, packages_skip_by_dep=None, packages_skip_up_to=None, packages_select_build_failed=False, packages_skip_build_finished=False, packages_select_test_failures=False, packages_skip_test_passed=False, packages_select=['rr_project'], packages_skip=None, packages_select_regex=None, packages_skip_regex=None, packages_start=None, packages_end=None, allow_overriding=[], cmake_args=None, cmake_target=None, cmake_target_skip_unavailable=False, cmake_clean_cache=False, cmake_clean_first=False, cmake_force_configure=False, ament_cmake_args=None, catkin_cmake_args=None, catkin_skip_building_tests=False, verb_parser=<colcon_defaults.argument_parser.defaults.DefaultArgumentsDecorator object at 0x7f029bb1d120>, verb_extension=<colcon_core.verb.build.BuildVerb object at 0x7f029bb1cbb0>, main=<bound method BuildVerb.main of <colcon_core.verb.build.BuildVerb object at 0x7f029bb1cbb0>>)
[0.224s] Level 1:colcon.colcon_core.package_discovery:discover_packages(colcon_meta) check parameters
[0.224s] Level 1:colcon.colcon_core.package_discovery:discover_packages(recursive) check parameters
[0.224s] Level 1:colcon.colcon_core.package_discovery:discover_packages(ignore) check parameters
[0.224s] Level 1:colcon.colcon_core.package_discovery:discover_packages(path) check parameters
[0.224s] Level 1:colcon.colcon_core.package_discovery:discover_packages(colcon_meta) discover
[0.224s] Level 1:colcon.colcon_core.package_discovery:discover_packages(recursive) discover
[0.225s] INFO:colcon.colcon_core.package_discovery:Crawling recursively for packages in '/home/robert/Workspaces/ROS/reflect_ws/src/rr_project'
[0.225s] Level 1:colcon.colcon_core.package_identification:_identify(.) by extensions ['ignore', 'ignore_ament_install']
[0.225s] Level 1:colcon.colcon_core.package_identification:_identify(.) by extension 'ignore'
[0.225s] Level 1:colcon.colcon_core.package_identification:_identify(.) by extension 'ignore_ament_install'
[0.225s] Level 1:colcon.colcon_core.package_identification:_identify(.) by extensions ['colcon_pkg']
[0.225s] Level 1:colcon.colcon_core.package_identification:_identify(.) by extension 'colcon_pkg'
[0.225s] Level 1:colcon.colcon_core.package_identification:_identify(.) by extensions ['colcon_meta']
[0.225s] Level 1:colcon.colcon_core.package_identification:_identify(.) by extension 'colcon_meta'
[0.225s] Level 1:colcon.colcon_core.package_identification:_identify(.) by extensions ['ros']
[0.225s] Level 1:colcon.colcon_core.package_identification:_identify(.) by extension 'ros'
[0.232s] DEBUG:colcon.colcon_core.package_identification:Package '.' with type 'ros.ament_cmake' and name 'rr_project'
[0.232s] Level 1:colcon.colcon_core.package_discovery:discover_packages(recursive) using defaults
[0.232s] Level 1:colcon.colcon_core.package_discovery:discover_packages(ignore) discover
[0.232s] Level 1:colcon.colcon_core.package_discovery:discover_packages(ignore) using defaults
[0.232s] Level 1:colcon.colcon_core.package_discovery:discover_packages(path) discover
[0.232s] Level 1:colcon.colcon_core.package_discovery:discover_packages(path) using defaults
[0.245s] Level 1:colcon.colcon_core.package_discovery:discover_packages(prefix_path) check parameters
[0.245s] Level 1:colcon.colcon_core.package_discovery:discover_packages(prefix_path) discover
[0.246s] WARNING:colcon.colcon_ros.prefix_path.ament:The path '/home/robert/Workspaces/ROS/reflect_ws/install/turtle_control' in the environment variable AMENT_PREFIX_PATH doesn't exist
[0.246s] WARNING:colcon.colcon_ros.prefix_path.catkin:The path '/home/robert/Workspaces/ROS/reflect_ws/install/turtle_control' in the environment variable CMAKE_PREFIX_PATH doesn't exist
[0.247s] DEBUG:colcon.colcon_installed_package_information.package_discovery:Found 1 installed packages in /home/robert/Workspaces/ROS/reflect_ws/src/rr_project/install
[0.247s] DEBUG:colcon.colcon_installed_package_information.package_discovery:Found 1 installed packages in /home/robert/Workspaces/ROS/reflect_ws/install
[0.249s] DEBUG:colcon.colcon_installed_package_information.package_discovery:Found 424 installed packages in /opt/ros/humble
[0.250s] Level 1:colcon.colcon_core.package_discovery:discover_packages(prefix_path) using defaults
[0.287s] Level 5:colcon.colcon_core.verb:set package 'rr_project' build argument 'cmake_args' from command line to 'None'
[0.288s] Level 5:colcon.colcon_core.verb:set package 'rr_project' build argument 'cmake_target' from command line to 'None'
[0.288s] Level 5:colcon.colcon_core.verb:set package 'rr_project' build argument 'cmake_target_skip_unavailable' from command line to 'False'
[0.288s] Level 5:colcon.colcon_core.verb:set package 'rr_project' build argument 'cmake_clean_cache' from command line to 'False'
[0.288s] Level 5:colcon.colcon_core.verb:set package 'rr_project' build argument 'cmake_clean_first' from command line to 'False'
[0.288s] Level 5:colcon.colcon_core.verb:set package 'rr_project' build argument 'cmake_force_configure' from command line to 'False'
[0.288s] Level 5:colcon.colcon_core.verb:set package 'rr_project' build argument 'ament_cmake_args' from command line to 'None'
[0.288s] Level 5:colcon.colcon_core.verb:set package 'rr_project' build argument 'catkin_cmake_args' from command line to 'None'
[0.288s] Level 5:colcon.colcon_core.verb:set package 'rr_project' build argument 'catkin_skip_building_tests' from command line to 'False'
[0.288s] DEBUG:colcon.colcon_core.verb:Building package 'rr_project' with the following arguments: {'ament_cmake_args': None, 'build_base': '/home/robert/Workspaces/ROS/reflect_ws/src/rr_project/build/rr_project', 'catkin_cmake_args': None, 'catkin_skip_building_tests': False, 'cmake_args': None, 'cmake_clean_cache': False, 'cmake_clean_first': False, 'cmake_force_configure': False, 'cmake_target': None, 'cmake_target_skip_unavailable': False, 'install_base': '/home/robert/Workspaces/ROS/reflect_ws/src/rr_project/install/rr_project', 'merge_install': False, 'path': '/home/robert/Workspaces/ROS/reflect_ws/src/rr_project', 'symlink_install': False, 'test_result_base': None}
[0.288s] INFO:colcon.colcon_core.executor:Executing jobs using 'parallel' executor
[0.290s] DEBUG:colcon.colcon_parallel_executor.executor.parallel:run_until_complete
[0.290s] INFO:colcon.colcon_ros.task.ament_cmake.build:Building ROS package in '/home/robert/Workspaces/ROS/reflect_ws/src/rr_project' with build type 'ament_cmake'
[0.290s] INFO:colcon.colcon_cmake.task.cmake.build:Building CMake package in '/home/robert/Workspaces/ROS/reflect_ws/src/rr_project'
[0.293s] INFO:colcon.colcon_core.plugin_system:Skipping extension 'colcon_core.shell.bat': Not used on non-Windows systems
[0.293s] INFO:colcon.colcon_core.shell:Skip shell extension 'powershell' for command environment: Not usable outside of PowerShell
[0.293s] DEBUG:colcon.colcon_core.shell:Skip shell extension 'dsv' for command environment
[0.300s] DEBUG:colcon.colcon_core.event_handler.log_command:Invoking command in '/home/robert/Workspaces/ROS/reflect_ws/src/rr_project/build/rr_project': CMAKE_PREFIX_PATH=${CMAKE_PREFIX_PATH}:/opt/ros/humble /usr/bin/cmake --build /home/robert/Workspaces/ROS/reflect_ws/src/rr_project/build/rr_project -- -j20 -l20
[5.848s] DEBUG:colcon.colcon_core.event_handler.log_command:Invoked command in '/home/robert/Workspaces/ROS/reflect_ws/src/rr_project/build/rr_project' returned '0': CMAKE_PREFIX_PATH=${CMAKE_PREFIX_PATH}:/opt/ros/humble /usr/bin/cmake --build /home/robert/Workspaces/ROS/reflect_ws/src/rr_project/build/rr_project -- -j20 -l20
[5.868s] DEBUG:colcon.colcon_core.event_handler.log_command:Invoking command in '/home/robert/Workspaces/ROS/reflect_ws/src/rr_project/build/rr_project': CMAKE_PREFIX_PATH=${CMAKE_PREFIX_PATH}:/opt/ros/humble /usr/bin/cmake --install /home/robert/Workspaces/ROS/reflect_ws/src/rr_project/build/rr_project
[5.877s] Level 1:colcon.colcon_core.environment:create_environment_scripts_only(rr_project)
[5.878s] DEBUG:colcon.colcon_core.event_handler.log_command:Invoked command in '/home/robert/Workspaces/ROS/reflect_ws/src/rr_project/build/rr_project' returned '0': CMAKE_PREFIX_PATH=${CMAKE_PREFIX_PATH}:/opt/ros/humble /usr/bin/cmake --install /home/robert/Workspaces/ROS/reflect_ws/src/rr_project/build/rr_project
[5.881s] Level 1:colcon.colcon_core.environment:checking '/home/robert/Workspaces/ROS/reflect_ws/src/rr_project/install/rr_project' for CMake module files
[5.881s] Level 1:colcon.colcon_core.environment:checking '/home/robert/Workspaces/ROS/reflect_ws/src/rr_project/install/rr_project' for CMake config files
[5.882s] Level 1:colcon.colcon_core.shell:create_environment_hook('rr_project', 'cmake_prefix_path')
[5.883s] INFO:colcon.colcon_core.shell:Creating environment hook '/home/robert/Workspaces/ROS/reflect_ws/src/rr_project/install/rr_project/share/rr_project/hook/cmake_prefix_path.ps1'
[5.884s] INFO:colcon.colcon_core.shell:Creating environment descriptor '/home/robert/Workspaces/ROS/reflect_ws/src/rr_project/install/rr_project/share/rr_project/hook/cmake_prefix_path.dsv'
[5.884s] INFO:colcon.colcon_core.shell:Creating environment hook '/home/robert/Workspaces/ROS/reflect_ws/src/rr_project/install/rr_project/share/rr_project/hook/cmake_prefix_path.sh'
[5.885s] Level 1:colcon.colcon_core.environment:checking '/home/robert/Workspaces/ROS/reflect_ws/src/rr_project/install/rr_project/lib'
[5.885s] Level 1:colcon.colcon_core.environment:checking '/home/robert/Workspaces/ROS/reflect_ws/src/rr_project/install/rr_project/bin'
[5.885s] Level 1:colcon.colcon_core.environment:checking '/home/robert/Workspaces/ROS/reflect_ws/src/rr_project/install/rr_project/lib/pkgconfig/rr_project.pc'
[5.886s] Level 1:colcon.colcon_core.environment:checking '/home/robert/Workspaces/ROS/reflect_ws/src/rr_project/install/rr_project/lib/python3.10/site-packages'
[5.886s] Level 1:colcon.colcon_core.environment:checking '/home/robert/Workspaces/ROS/reflect_ws/src/rr_project/install/rr_project/bin'
[5.888s] INFO:colcon.colcon_core.shell:Creating package script '/home/robert/Workspaces/ROS/reflect_ws/src/rr_project/install/rr_project/share/rr_project/package.ps1'
[5.888s] INFO:colcon.colcon_core.shell:Creating package descriptor '/home/robert/Workspaces/ROS/reflect_ws/src/rr_project/install/rr_project/share/rr_project/package.dsv'
[5.889s] INFO:colcon.colcon_core.shell:Creating package script '/home/robert/Workspaces/ROS/reflect_ws/src/rr_project/install/rr_project/share/rr_project/package.sh'
[5.889s] INFO:colcon.colcon_core.shell:Creating package script '/home/robert/Workspaces/ROS/reflect_ws/src/rr_project/install/rr_project/share/rr_project/package.bash'
[5.890s] INFO:colcon.colcon_core.shell:Creating package script '/home/robert/Workspaces/ROS/reflect_ws/src/rr_project/install/rr_project/share/rr_project/package.zsh'
[5.891s] Level 1:colcon.colcon_core.environment:create_file_with_runtime_dependencies(/home/robert/Workspaces/ROS/reflect_ws/src/rr_project/install/rr_project/share/colcon-core/packages/rr_project)
[5.921s] Level 1:colcon.colcon_core.environment:create_environment_scripts_only(rr_project)
[5.926s] Level 1:colcon.colcon_core.environment:checking '/home/robert/Workspaces/ROS/reflect_ws/src/rr_project/install/rr_project' for CMake module files
[5.927s] Level 1:colcon.colcon_core.environment:checking '/home/robert/Workspaces/ROS/reflect_ws/src/rr_project/install/rr_project' for CMake config files
[5.928s] Level 1:colcon.colcon_core.shell:create_environment_hook('rr_project', 'cmake_prefix_path')
[5.930s] INFO:colcon.colcon_core.shell:Creating environment hook '/home/robert/Workspaces/ROS/reflect_ws/src/rr_project/install/rr_project/share/rr_project/hook/cmake_prefix_path.ps1'
[5.931s] INFO:colcon.colcon_core.shell:Creating environment descriptor '/home/robert/Workspaces/ROS/reflect_ws/src/rr_project/install/rr_project/share/rr_project/hook/cmake_prefix_path.dsv'
[5.931s] INFO:colcon.colcon_core.shell:Creating environment hook '/home/robert/Workspaces/ROS/reflect_ws/src/rr_project/install/rr_project/share/rr_project/hook/cmake_prefix_path.sh'
[5.932s] Level 1:colcon.colcon_core.environment:checking '/home/robert/Workspaces/ROS/reflect_ws/src/rr_project/install/rr_project/lib'
[5.932s] Level 1:colcon.colcon_core.environment:checking '/home/robert/Workspaces/ROS/reflect_ws/src/rr_project/install/rr_project/bin'
[5.932s] Level 1:colcon.colcon_core.environment:checking '/home/robert/Workspaces/ROS/reflect_ws/src/rr_project/install/rr_project/lib/pkgconfig/rr_project.pc'
[5.933s] Level 1:colcon.colcon_core.environment:checking '/home/robert/Workspaces/ROS/reflect_ws/src/rr_project/install/rr_project/lib/python3.10/site-packages'
[5.933s] Level 1:colcon.colcon_core.environment:checking '/home/robert/Workspaces/ROS/reflect_ws/src/rr_project/install/rr_project/bin'
[5.935s] INFO:colcon.colcon_core.shell:Creating package script '/home/robert/Workspaces/ROS/reflect_ws/src/rr_project/install/rr_project/share/rr_project/package.ps1'
[5.935s] INFO:colcon.colcon_core.shell:Creating package descriptor '/home/robert/Workspaces/ROS/reflect_ws/src/rr_project/install/rr_project/share/rr_project/package.dsv'
[5.935s] INFO:colcon.colcon_core.shell:Creating package script '/home/robert/Workspaces/ROS/reflect_ws/src/rr_project/install/rr_project/share/rr_project/package.sh'
[5.936s] INFO:colcon.colcon_core.shell:Creating package script '/home/robert/Workspaces/ROS/reflect_ws/src/rr_project/install/rr_project/share/rr_project/package.bash'
[5.936s] INFO:colcon.colcon_core.shell:Creating package script '/home/robert/Workspaces/ROS/reflect_ws/src/rr_project/install/rr_project/share/rr_project/package.zsh'
[5.936s] Level 1:colcon.colcon_core.environment:create_file_with_runtime_dependencies(/home/robert/Workspaces/ROS/reflect_ws/src/rr_project/install/rr_project/share/colcon-core/packages/rr_project)
[5.937s] DEBUG:colcon.colcon_parallel_executor.executor.parallel:closing loop
[5.937s] DEBUG:colcon.colcon_parallel_executor.executor.parallel:loop closed
[5.937s] DEBUG:colcon.colcon_parallel_executor.executor.parallel:run_until_complete finished with '0'
[5.937s] DEBUG:colcon.colcon_core.event_reactor:joining thread
[5.941s] INFO:colcon.colcon_core.plugin_system:Skipping extension 'colcon_notification.desktop_notification.terminal_notifier': Not used on non-Darwin systems
[5.941s] INFO:colcon.colcon_core.plugin_system:Skipping extension 'colcon_notification.desktop_notification.win32': Not used on non-Windows systems
[5.941s] INFO:colcon.colcon_notification.desktop_notification:Sending desktop notification using 'notify2'
[5.950s] DEBUG:colcon.colcon_core.event_reactor:joined thread
[5.951s] INFO:colcon.colcon_core.shell:Creating prefix script '/home/robert/Workspaces/ROS/reflect_ws/src/rr_project/install/local_setup.ps1'
[5.952s] INFO:colcon.colcon_core.shell:Creating prefix util module '/home/robert/Workspaces/ROS/reflect_ws/src/rr_project/install/_local_setup_util_ps1.py'
[5.953s] INFO:colcon.colcon_core.shell:Creating prefix chain script '/home/robert/Workspaces/ROS/reflect_ws/src/rr_project/install/setup.ps1'
[5.953s] INFO:colcon.colcon_core.shell:Creating prefix script '/home/robert/Workspaces/ROS/reflect_ws/src/rr_project/install/local_setup.sh'
[5.954s] INFO:colcon.colcon_core.shell:Creating prefix util module '/home/robert/Workspaces/ROS/reflect_ws/src/rr_project/install/_local_setup_util_sh.py'
[5.954s] INFO:colcon.colcon_core.shell:Creating prefix chain script '/home/robert/Workspaces/ROS/reflect_ws/src/rr_project/install/setup.sh'
[5.955s] INFO:colcon.colcon_core.shell:Creating prefix script '/home/robert/Workspaces/ROS/reflect_ws/src/rr_project/install/local_setup.bash'
[5.955s] INFO:colcon.colcon_core.shell:Creating prefix chain script '/home/robert/Workspaces/ROS/reflect_ws/src/rr_project/install/setup.bash'
[5.956s] INFO:colcon.colcon_core.shell:Creating prefix script '/home/robert/Workspaces/ROS/reflect_ws/src/rr_project/install/local_setup.zsh'
[5.956s] INFO:colcon.colcon_core.shell:Creating prefix chain script '/home/robert/Workspaces/ROS/reflect_ws/src/rr_project/install/setup.zsh'
