[0.008s] Invoking command in '/home/robert/Workspaces/ROS/reflect_ws/src/rr_project/build/rr_project': CMAKE_PREFIX_PATH=${CMAKE_PREFIX_PATH}:/opt/ros/humble /usr/bin/cmake --build /home/robert/Workspaces/ROS/reflect_ws/src/rr_project/build/rr_project -- -j20 -l20
[0.031s] [35m[1mConsolidate compiler generated dependencies of target rr_project[0m
[0.044s] [ 50%] [32mBuilding CXX object CMakeFiles/rr_project.dir/src/rr_project.cpp.o[0m
[5.262s] [100%] [32m[1mLinking CXX executable rr_project[0m
[5.531s] [100%] Built target rr_project
[5.537s] Invoked command in '/home/robert/Workspaces/ROS/reflect_ws/src/rr_project/build/rr_project' returned '0': CMAKE_PREFIX_PATH=${CMAKE_PREFIX_PATH}:/opt/ros/humble /usr/bin/cmake --build /home/robert/Workspaces/ROS/reflect_ws/src/rr_project/build/rr_project -- -j20 -l20
[5.555s] Invoking command in '/home/robert/Workspaces/ROS/reflect_ws/src/rr_project/build/rr_project': CMAKE_PREFIX_PATH=${CMAKE_PREFIX_PATH}:/opt/ros/humble /usr/bin/cmake --install /home/robert/Workspaces/ROS/reflect_ws/src/rr_project/build/rr_project
[5.559s] -- Install configuration: ""
[5.559s] -- Installing: /home/robert/Workspaces/ROS/reflect_ws/src/rr_project/install/rr_project/lib/rr_project/rr_project
[5.562s] -- Set runtime path of "/home/robert/Workspaces/ROS/reflect_ws/src/rr_project/install/rr_project/lib/rr_project/rr_project" to ""
[5.562s] -- Up-to-date: /home/robert/Workspaces/ROS/reflect_ws/src/rr_project/install/rr_project/share/rr_project/launch
[5.562s] -- Up-to-date: /home/robert/Workspaces/ROS/reflect_ws/src/rr_project/install/rr_project/share/rr_project/launch/rr_project.launch.py
[5.562s] -- Up-to-date: /home/robert/Workspaces/ROS/reflect_ws/src/rr_project/install/rr_project/share/ament_index/resource_index/package_run_dependencies/rr_project
[5.562s] -- Up-to-date: /home/robert/Workspaces/ROS/reflect_ws/src/rr_project/install/rr_project/share/ament_index/resource_index/parent_prefix_path/rr_project
[5.562s] -- Up-to-date: /home/robert/Workspaces/ROS/reflect_ws/src/rr_project/install/rr_project/share/rr_project/environment/ament_prefix_path.sh
[5.563s] -- Up-to-date: /home/robert/Workspaces/ROS/reflect_ws/src/rr_project/install/rr_project/share/rr_project/environment/ament_prefix_path.dsv
[5.563s] -- Up-to-date: /home/robert/Workspaces/ROS/reflect_ws/src/rr_project/install/rr_project/share/rr_project/environment/path.sh
[5.563s] -- Up-to-date: /home/robert/Workspaces/ROS/reflect_ws/src/rr_project/install/rr_project/share/rr_project/environment/path.dsv
[5.563s] -- Up-to-date: /home/robert/Workspaces/ROS/reflect_ws/src/rr_project/install/rr_project/share/rr_project/local_setup.bash
[5.563s] -- Up-to-date: /home/robert/Workspaces/ROS/reflect_ws/src/rr_project/install/rr_project/share/rr_project/local_setup.sh
[5.563s] -- Up-to-date: /home/robert/Workspaces/ROS/reflect_ws/src/rr_project/install/rr_project/share/rr_project/local_setup.zsh
[5.563s] -- Up-to-date: /home/robert/Workspaces/ROS/reflect_ws/src/rr_project/install/rr_project/share/rr_project/local_setup.dsv
[5.563s] -- Installing: /home/robert/Workspaces/ROS/reflect_ws/src/rr_project/install/rr_project/share/rr_project/package.dsv
[5.563s] -- Up-to-date: /home/robert/Workspaces/ROS/reflect_ws/src/rr_project/install/rr_project/share/ament_index/resource_index/packages/rr_project
[5.563s] -- Up-to-date: /home/robert/Workspaces/ROS/reflect_ws/src/rr_project/install/rr_project/share/rr_project/cmake/rr_projectConfig.cmake
[5.563s] -- Up-to-date: /home/robert/Workspaces/ROS/reflect_ws/src/rr_project/install/rr_project/share/rr_project/cmake/rr_projectConfig-version.cmake
[5.563s] -- Up-to-date: /home/robert/Workspaces/ROS/reflect_ws/src/rr_project/install/rr_project/share/rr_project/package.xml
[5.564s] Invoked command in '/home/robert/Workspaces/ROS/reflect_ws/src/rr_project/build/rr_project' returned '0': CMAKE_PREFIX_PATH=${CMAKE_PREFIX_PATH}:/opt/ros/humble /usr/bin/cmake --install /home/robert/Workspaces/ROS/reflect_ws/src/rr_project/build/rr_project
