-- The C compiler identification is GNU 11.3.0
-- The CXX compiler identification is GNU 11.3.0
-- Detecting C compiler ABI info
-- Detecting C compiler ABI info - done
-- Check for working C compiler: /usr/bin/cc - skipped
-- Detecting C compile features
-- Detecting C compile features - done
-- Detecting CXX compiler ABI info
-- Detecting CXX compiler ABI info - done
-- Check for working CXX compiler: /usr/bin/c++ - skipped
-- Detecting CXX compile features
-- Detecting CXX compile features - done
-- Found ament_cmake: 1.3.5 (/opt/ros/humble/share/ament_cmake/cmake)
-- Found Python3: /usr/bin/python3.10 (found version "3.10.6") found components: Interpreter 
-- Found rclcpp: 16.0.4 (/opt/ros/humble/share/rclcpp/cmake)
-- Found rosidl_generator_c: 3.1.4 (/opt/ros/humble/share/rosidl_generator_c/cmake)
-- Found rosidl_adapter: 3.1.4 (/opt/ros/humble/share/rosidl_adapter/cmake)
-- Found rosidl_generator_cpp: 3.1.4 (/opt/ros/humble/share/rosidl_generator_cpp/cmake)
-- Using all available rosidl_typesupport_c: rosidl_typesupport_fastrtps_c;rosidl_typesupport_introspection_c
-- Using all available rosidl_typesupport_cpp: rosidl_typesupport_fastrtps_cpp;rosidl_typesupport_introspection_cpp
-- Found rmw_implementation_cmake: 6.1.1 (/opt/ros/humble/share/rmw_implementation_cmake/cmake)
-- Found rmw_fastrtps_cpp: 6.2.2 (/opt/ros/humble/share/rmw_fastrtps_cpp/cmake)
-- Found OpenSSL: /usr/lib/x86_64-linux-gnu/libcrypto.so (found version "3.0.2")  
-- Found FastRTPS: /opt/ros/humble/include  
-- Using RMW implementation 'rmw_fastrtps_cpp' as default
-- Looking for pthread.h
-- Looking for pthread.h - found
-- Performing Test CMAKE_HAVE_LIBC_PTHREAD
-- Performing Test CMAKE_HAVE_LIBC_PTHREAD - Success
-- Found Threads: TRUE  
-- Found geometry_msgs: 4.2.3 (/opt/ros/humble/share/geometry_msgs/cmake)
-- Found turtlesim: 1.4.2 (/opt/ros/humble/share/turtlesim/cmake)
-- Found ament_lint_auto: 0.12.6 (/opt/ros/humble/share/ament_lint_auto/cmake)
-- Added test 'cppcheck' to perform static code analysis on C / C++ code
-- Configured cppcheck include dirs: 
-- Configured cppcheck exclude dirs and/or files: 
-- Added test 'flake8' to check Python code syntax and style conventions
-- Added test 'lint_cmake' to check CMake code style
-- Added test 'pep257' to check Python code against some of the docstring style conventions in PEP 257
-- Added test 'uncrustify' to check C / C++ code style
-- Configured uncrustify additional arguments: 
-- Added test 'xmllint' to check XML markup files
-- Configuring done
-- Generating done
-- Build files have been written to: /home/robert/Workspaces/ROS/reflect_ws/src/rr_project/build/rr_project
[ 50%] [32mBuilding CXX object CMakeFiles/rr_project.dir/src/rr_project.cpp.o[0m
[100%] [32m[1mLinking CXX executable rr_project[0m
[100%] Built target rr_project
-- Install configuration: ""
-- Installing: /home/robert/Workspaces/ROS/reflect_ws/src/rr_project/install/rr_project/lib/rr_project/rr_project
-- Set runtime path of "/home/robert/Workspaces/ROS/reflect_ws/src/rr_project/install/rr_project/lib/rr_project/rr_project" to ""
-- Installing: /home/robert/Workspaces/ROS/reflect_ws/src/rr_project/install/rr_project/share/rr_project/launch
-- Installing: /home/robert/Workspaces/ROS/reflect_ws/src/rr_project/install/rr_project/share/rr_project/launch/rr_project.launch.py
-- Installing: /home/robert/Workspaces/ROS/reflect_ws/src/rr_project/install/rr_project/share/ament_index/resource_index/package_run_dependencies/rr_project
-- Installing: /home/robert/Workspaces/ROS/reflect_ws/src/rr_project/install/rr_project/share/ament_index/resource_index/parent_prefix_path/rr_project
-- Installing: /home/robert/Workspaces/ROS/reflect_ws/src/rr_project/install/rr_project/share/rr_project/environment/ament_prefix_path.sh
-- Installing: /home/robert/Workspaces/ROS/reflect_ws/src/rr_project/install/rr_project/share/rr_project/environment/ament_prefix_path.dsv
-- Installing: /home/robert/Workspaces/ROS/reflect_ws/src/rr_project/install/rr_project/share/rr_project/environment/path.sh
-- Installing: /home/robert/Workspaces/ROS/reflect_ws/src/rr_project/install/rr_project/share/rr_project/environment/path.dsv
-- Installing: /home/robert/Workspaces/ROS/reflect_ws/src/rr_project/install/rr_project/share/rr_project/local_setup.bash
-- Installing: /home/robert/Workspaces/ROS/reflect_ws/src/rr_project/install/rr_project/share/rr_project/local_setup.sh
-- Installing: /home/robert/Workspaces/ROS/reflect_ws/src/rr_project/install/rr_project/share/rr_project/local_setup.zsh
-- Installing: /home/robert/Workspaces/ROS/reflect_ws/src/rr_project/install/rr_project/share/rr_project/local_setup.dsv
-- Installing: /home/robert/Workspaces/ROS/reflect_ws/src/rr_project/install/rr_project/share/rr_project/package.dsv
-- Installing: /home/robert/Workspaces/ROS/reflect_ws/src/rr_project/install/rr_project/share/ament_index/resource_index/packages/rr_project
-- Installing: /home/robert/Workspaces/ROS/reflect_ws/src/rr_project/install/rr_project/share/rr_project/cmake/rr_projectConfig.cmake
-- Installing: /home/robert/Workspaces/ROS/reflect_ws/src/rr_project/install/rr_project/share/rr_project/cmake/rr_projectConfig-version.cmake
-- Installing: /home/robert/Workspaces/ROS/reflect_ws/src/rr_project/install/rr_project/share/rr_project/package.xml
