[0.007s] Invoking command in '/home/robert/Workspaces/ROS/reflect_ws/src/rr_project/build/rr_project': CMAKE_PREFIX_PATH=${CMAKE_PREFIX_PATH}:/opt/ros/humble /usr/bin/cmake /home/robert/Workspaces/ROS/reflect_ws/src/rr_project -DCMAKE_INSTALL_PREFIX=/home/robert/Workspaces/ROS/reflect_ws/src/rr_project/install/rr_project
[0.047s] -- The C compiler identification is GNU 11.3.0
[0.086s] -- The CXX compiler identification is GNU 11.3.0
[0.090s] -- Detecting C compiler ABI info
[0.153s] -- Detecting C compiler ABI info - done
[0.158s] -- Check for working C compiler: /usr/bin/cc - skipped
[0.159s] -- Detecting C compile features
[0.159s] -- Detecting C compile features - done
[0.163s] -- Detecting CXX compiler ABI info
[0.231s] -- Detecting CXX compiler ABI info - done
[0.235s] -- Check for working CXX compiler: /usr/bin/c++ - skipped
[0.235s] -- Detecting CXX compile features
[0.235s] -- Detecting CXX compile features - done
[0.237s] -- Found ament_cmake: 1.3.5 (/opt/ros/humble/share/ament_cmake/cmake)
[0.340s] -- Found Python3: /usr/bin/python3.10 (found version "3.10.6") found components: Interpreter 
[0.398s] -- Found rclcpp: 16.0.4 (/opt/ros/humble/share/rclcpp/cmake)
[0.424s] -- Found rosidl_generator_c: 3.1.4 (/opt/ros/humble/share/rosidl_generator_c/cmake)
[0.427s] -- Found rosidl_adapter: 3.1.4 (/opt/ros/humble/share/rosidl_adapter/cmake)
[0.432s] -- Found rosidl_generator_cpp: 3.1.4 (/opt/ros/humble/share/rosidl_generator_cpp/cmake)
[0.440s] -- Using all available rosidl_typesupport_c: rosidl_typesupport_fastrtps_c;rosidl_typesupport_introspection_c
[0.450s] -- Using all available rosidl_typesupport_cpp: rosidl_typesupport_fastrtps_cpp;rosidl_typesupport_introspection_cpp
[0.489s] -- Found rmw_implementation_cmake: 6.1.1 (/opt/ros/humble/share/rmw_implementation_cmake/cmake)
[0.491s] -- Found rmw_fastrtps_cpp: 6.2.2 (/opt/ros/humble/share/rmw_fastrtps_cpp/cmake)
[0.544s] -- Found OpenSSL: /usr/lib/x86_64-linux-gnu/libcrypto.so (found version "3.0.2")  
[0.562s] -- Found FastRTPS: /opt/ros/humble/include  
[0.592s] -- Using RMW implementation 'rmw_fastrtps_cpp' as default
[0.598s] -- Looking for pthread.h
[0.644s] -- Looking for pthread.h - found
[0.644s] -- Performing Test CMAKE_HAVE_LIBC_PTHREAD
[0.690s] -- Performing Test CMAKE_HAVE_LIBC_PTHREAD - Success
[0.691s] -- Found Threads: TRUE  
[0.783s] -- Found geometry_msgs: 4.2.3 (/opt/ros/humble/share/geometry_msgs/cmake)
[0.807s] -- Found turtlesim: 1.4.2 (/opt/ros/humble/share/turtlesim/cmake)
[0.880s] -- Found ament_lint_auto: 0.12.6 (/opt/ros/humble/share/ament_lint_auto/cmake)
[0.927s] -- Added test 'cppcheck' to perform static code analysis on C / C++ code
[0.927s] -- Configured cppcheck include dirs: 
[0.927s] -- Configured cppcheck exclude dirs and/or files: 
[0.928s] -- Added test 'flake8' to check Python code syntax and style conventions
[0.929s] -- Added test 'lint_cmake' to check CMake code style
[0.929s] -- Added test 'pep257' to check Python code against some of the docstring style conventions in PEP 257
[0.932s] -- Added test 'uncrustify' to check C / C++ code style
[0.932s] -- Configured uncrustify additional arguments: 
[0.932s] -- Added test 'xmllint' to check XML markup files
[0.933s] -- Configuring done
[0.938s] -- Generating done
[0.939s] -- Build files have been written to: /home/robert/Workspaces/ROS/reflect_ws/src/rr_project/build/rr_project
[0.946s] Invoked command in '/home/robert/Workspaces/ROS/reflect_ws/src/rr_project/build/rr_project' returned '0': CMAKE_PREFIX_PATH=${CMAKE_PREFIX_PATH}:/opt/ros/humble /usr/bin/cmake /home/robert/Workspaces/ROS/reflect_ws/src/rr_project -DCMAKE_INSTALL_PREFIX=/home/robert/Workspaces/ROS/reflect_ws/src/rr_project/install/rr_project
[0.947s] Invoking command in '/home/robert/Workspaces/ROS/reflect_ws/src/rr_project/build/rr_project': CMAKE_PREFIX_PATH=${CMAKE_PREFIX_PATH}:/opt/ros/humble /usr/bin/cmake --build /home/robert/Workspaces/ROS/reflect_ws/src/rr_project/build/rr_project -- -j20 -l20
[0.973s] [ 50%] [32mBuilding CXX object CMakeFiles/rr_project.dir/src/rr_project.cpp.o[0m
[6.247s] [100%] [32m[1mLinking CXX executable rr_project[0m
[6.518s] [100%] Built target rr_project
[6.524s] Invoked command in '/home/robert/Workspaces/ROS/reflect_ws/src/rr_project/build/rr_project' returned '0': CMAKE_PREFIX_PATH=${CMAKE_PREFIX_PATH}:/opt/ros/humble /usr/bin/cmake --build /home/robert/Workspaces/ROS/reflect_ws/src/rr_project/build/rr_project -- -j20 -l20
[6.542s] Invoking command in '/home/robert/Workspaces/ROS/reflect_ws/src/rr_project/build/rr_project': CMAKE_PREFIX_PATH=${CMAKE_PREFIX_PATH}:/opt/ros/humble /usr/bin/cmake --install /home/robert/Workspaces/ROS/reflect_ws/src/rr_project/build/rr_project
[6.546s] -- Install configuration: ""
[6.546s] -- Installing: /home/robert/Workspaces/ROS/reflect_ws/src/rr_project/install/rr_project/lib/rr_project/rr_project
[6.548s] -- Set runtime path of "/home/robert/Workspaces/ROS/reflect_ws/src/rr_project/install/rr_project/lib/rr_project/rr_project" to ""
[6.548s] -- Installing: /home/robert/Workspaces/ROS/reflect_ws/src/rr_project/install/rr_project/share/rr_project/launch
[6.548s] -- Installing: /home/robert/Workspaces/ROS/reflect_ws/src/rr_project/install/rr_project/share/rr_project/launch/rr_project.launch.py
[6.548s] -- Installing: /home/robert/Workspaces/ROS/reflect_ws/src/rr_project/install/rr_project/share/ament_index/resource_index/package_run_dependencies/rr_project
[6.548s] -- Installing: /home/robert/Workspaces/ROS/reflect_ws/src/rr_project/install/rr_project/share/ament_index/resource_index/parent_prefix_path/rr_project
[6.548s] -- Installing: /home/robert/Workspaces/ROS/reflect_ws/src/rr_project/install/rr_project/share/rr_project/environment/ament_prefix_path.sh
[6.548s] -- Installing: /home/robert/Workspaces/ROS/reflect_ws/src/rr_project/install/rr_project/share/rr_project/environment/ament_prefix_path.dsv
[6.548s] -- Installing: /home/robert/Workspaces/ROS/reflect_ws/src/rr_project/install/rr_project/share/rr_project/environment/path.sh
[6.548s] -- Installing: /home/robert/Workspaces/ROS/reflect_ws/src/rr_project/install/rr_project/share/rr_project/environment/path.dsv
[6.548s] -- Installing: /home/robert/Workspaces/ROS/reflect_ws/src/rr_project/install/rr_project/share/rr_project/local_setup.bash
[6.549s] -- Installing: /home/robert/Workspaces/ROS/reflect_ws/src/rr_project/install/rr_project/share/rr_project/local_setup.sh
[6.549s] -- Installing: /home/robert/Workspaces/ROS/reflect_ws/src/rr_project/install/rr_project/share/rr_project/local_setup.zsh
[6.549s] -- Installing: /home/robert/Workspaces/ROS/reflect_ws/src/rr_project/install/rr_project/share/rr_project/local_setup.dsv
[6.549s] -- Installing: /home/robert/Workspaces/ROS/reflect_ws/src/rr_project/install/rr_project/share/rr_project/package.dsv
[6.549s] -- Installing: /home/robert/Workspaces/ROS/reflect_ws/src/rr_project/install/rr_project/share/ament_index/resource_index/packages/rr_project
[6.549s] -- Installing: /home/robert/Workspaces/ROS/reflect_ws/src/rr_project/install/rr_project/share/rr_project/cmake/rr_projectConfig.cmake
[6.549s] -- Installing: /home/robert/Workspaces/ROS/reflect_ws/src/rr_project/install/rr_project/share/rr_project/cmake/rr_projectConfig-version.cmake
[6.549s] -- Installing: /home/robert/Workspaces/ROS/reflect_ws/src/rr_project/install/rr_project/share/rr_project/package.xml
[6.550s] Invoked command in '/home/robert/Workspaces/ROS/reflect_ws/src/rr_project/build/rr_project' returned '0': CMAKE_PREFIX_PATH=${CMAKE_PREFIX_PATH}:/opt/ros/humble /usr/bin/cmake --install /home/robert/Workspaces/ROS/reflect_ws/src/rr_project/build/rr_project
